/usr/local/opt/rbenv/versions/2.1.5/bin/ruby -r ./siteconf20150625-18345-1n7nnsq.rb extconf.rb
checking for socket() in -lsocket... no
checking for gethostbyname() in -lnsl... yes
checking for atan() in -lm... yes
checking for inflate() in -lz... yes
checking for iconv_open() in -liconv... no
checking for libiconv_open() in -liconv... no
checking for libiconv_open() in -llibiconv... no
checking for iconv_open() in -llibiconv... no
checking for iconv_open() in -lc... yes
checking for xmlParseDoc() in -lxml2... yes
checking for libxml/xmlversion.h... no
checking for libxml/xmlversion.h in /opt/include/libxml2,/usr/local/include/libxml2,/usr/include/libxml2... yes
checking for rb_io_bufwrite() in ruby/io.h... yes
creating extconf.h
creating Makefile

make "DESTDIR=" clean

make "DESTDIR="
compiling ruby_xml_encoding.c
compiling ruby_xml_html_parser_context.c
ruby_xml_html_parser_context.c: In function ‘rxml_html_parser_context_options_set’:
ruby_xml_html_parser_context.c:307:7: warning: variable ‘result’ set but not used [-Wunused-but-set-variable]
   int result;
       ^
compiling ruby_xml_document.c
ruby_xml_document.c: In function ‘rxml_document_canonicalize’:
ruby_xml_document.c:199:7: warning: variable ‘length’ set but not used [-Wunused-but-set-variable]
   int length;
       ^
ruby_xml_document.c: In function ‘rxml_document_root_set’:
ruby_xml_document.c:756:14: warning: variable ‘xroot’ set but not used [-Wunused-but-set-variable]
   xmlNodePtr xroot, xnode;
              ^
ruby_xml_document.c: In function ‘rxml_document_save’:
ruby_xml_document.c:804:13: warning: pointer targets in assignment differ in signedness [-Wpointer-sign]
   xencoding = xdoc->encoding;
             ^
compiling ruby_xml.c
ruby_xml.c: In function ‘rxml_default_tree_indent_string_set’:
ruby_xml.c:612:23: warning: pointer targets in assignment differ in signedness [-Wpointer-sign]
   xmlTreeIndentString = xmlStrdup((xmlChar *)StringValuePtr(string));
                       ^
compiling ruby_xml_parser.c
compiling ruby_xml_dtd.c
compiling ruby_xml_sax_parser.c
compiling ruby_xml_reader.c
ruby_xml_reader.c: In function ‘rxml_reader_read_inner_xml’:
ruby_xml_reader.c:531:5: warning: pointer targets in passing argument 2 of ‘rxml_new_cstr’ differ in signedness [-Wpointer-sign]
     result = rxml_new_cstr((const char*) xml, xencoding);
     ^
In file included from ruby_libxml.h:43:0,
                 from ruby_xml_reader.c:4:
ruby_xml_encoding.h:11:7: note: expected ‘const char *’ but argument is of type ‘const xmlChar *’
 VALUE rxml_new_cstr(const char* xstr, const char* xencoding);
       ^
ruby_xml_reader.c: In function ‘rxml_reader_read_outer_xml’:
ruby_xml_reader.c:557:5: warning: pointer targets in passing argument 2 of ‘rxml_new_cstr’ differ in signedness [-Wpointer-sign]
     result = rxml_new_cstr((const char*) xml, xencoding);
     ^
In file included from ruby_libxml.h:43:0,
                 from ruby_xml_reader.c:4:
ruby_xml_encoding.h:11:7: note: expected ‘const char *’ but argument is of type ‘const xmlChar *’
 VALUE rxml_new_cstr(const char* xstr, const char* xencoding);
       ^
ruby_xml_reader.c: In function ‘rxml_reader_read_string’:
ruby_xml_reader.c:595:5: warning: pointer targets in passing argument 2 of ‘rxml_new_cstr’ differ in signedness [-Wpointer-sign]
     result = rxml_new_cstr((const char*) xml, xencoding);
     ^
In file included from ruby_libxml.h:43:0,
                 from ruby_xml_reader.c:4:
ruby_xml_encoding.h:11:7: note: expected ‘const char *’ but argument is of type ‘const xmlChar *’
 VALUE rxml_new_cstr(const char* xstr, const char* xencoding);
       ^
ruby_xml_reader.c: In function ‘rxml_reader_name’:
ruby_xml_reader.c:661:3: warning: pointer targets in passing argument 1 of ‘rxml_new_cstr’ differ in signedness [-Wpointer-sign]
   return (result == NULL ? Qnil : rxml_new_cstr(result, xencoding));
   ^
In file included from ruby_libxml.h:43:0,
                 from ruby_xml_reader.c:4:
ruby_xml_encoding.h:11:7: note: expected ‘const char *’ but argument is of type ‘const xmlChar *’
 VALUE rxml_new_cstr(const char* xstr, const char* xencoding);
       ^
ruby_xml_reader.c:661:3: warning: pointer targets in passing argument 2 of ‘rxml_new_cstr’ differ in signedness [-Wpointer-sign]
   return (result == NULL ? Qnil : rxml_new_cstr(result, xencoding));
   ^
In file included from ruby_libxml.h:43:0,
                 from ruby_xml_reader.c:4:
ruby_xml_encoding.h:11:7: note: expected ‘const char *’ but argument is of type ‘const xmlChar *’
 VALUE rxml_new_cstr(const char* xstr, const char* xencoding);
       ^
ruby_xml_reader.c: In function ‘rxml_reader_local_name’:
ruby_xml_reader.c:676:3: warning: pointer targets in passing argument 1 of ‘rxml_new_cstr’ differ in signedness [-Wpointer-sign]
   return (result == NULL ? Qnil : rxml_new_cstr(result, xencoding));
   ^
In file included from ruby_libxml.h:43:0,
                 from ruby_xml_reader.c:4:
ruby_xml_encoding.h:11:7: note: expected ‘const char *’ but argument is of type ‘const xmlChar *’
 VALUE rxml_new_cstr(const char* xstr, const char* xencoding);
       ^
ruby_xml_reader.c:676:3: warning: pointer targets in passing argument 2 of ‘rxml_new_cstr’ differ in signedness [-Wpointer-sign]
   return (result == NULL ? Qnil : rxml_new_cstr(result, xencoding));
   ^
In file included from ruby_libxml.h:43:0,
                 from ruby_xml_reader.c:4:
ruby_xml_encoding.h:11:7: note: expected ‘const char *’ but argument is of type ‘const xmlChar *’
 VALUE rxml_new_cstr(const char* xstr, const char* xencoding);
       ^
ruby_xml_reader.c: In function ‘rxml_reader_encoding’:
ruby_xml_reader.c:712:5: warning: pointer targets in passing argument 1 of ‘xmlParseCharEncoding’ differ in signedness [-Wpointer-sign]
     return INT2NUM(xmlParseCharEncoding(xencoding));
     ^
In file included from /usr/include/libxml2/libxml/parser.h:810:0,
                 from ruby_libxml.h:7,
                 from ruby_xml_reader.c:4:
/usr/include/libxml2/libxml/encoding.h:194:2: note: expected ‘const char *’ but argument is of type ‘const xmlChar *’
  xmlParseCharEncoding  (const char *name);
  ^
ruby_xml_reader.c: In function ‘rxml_reader_base_uri’:
ruby_xml_reader.c:729:3: warning: pointer targets in passing argument 1 of ‘rxml_new_cstr’ differ in signedness [-Wpointer-sign]
   return (result == NULL ? Qnil : rxml_new_cstr(result, xencoding));
   ^
In file included from ruby_libxml.h:43:0,
                 from ruby_xml_reader.c:4:
ruby_xml_encoding.h:11:7: note: expected ‘const char *’ but argument is of type ‘const xmlChar *’
 VALUE rxml_new_cstr(const char* xstr, const char* xencoding);
       ^
ruby_xml_reader.c:729:3: warning: pointer targets in passing argument 2 of ‘rxml_new_cstr’ differ in signedness [-Wpointer-sign]
   return (result == NULL ? Qnil : rxml_new_cstr(result, xencoding));
   ^
In file included from ruby_libxml.h:43:0,
                 from ruby_xml_reader.c:4:
ruby_xml_encoding.h:11:7: note: expected ‘const char *’ but argument is of type ‘const xmlChar *’
 VALUE rxml_new_cstr(const char* xstr, const char* xencoding);
       ^
ruby_xml_reader.c: In function ‘rxml_reader_namespace_uri’:
ruby_xml_reader.c:744:3: warning: pointer targets in passing argument 1 of ‘rxml_new_cstr’ differ in signedness [-Wpointer-sign]
   return (result == NULL ? Qnil : rxml_new_cstr(result, xencoding));
   ^
In file included from ruby_libxml.h:43:0,
                 from ruby_xml_reader.c:4:
ruby_xml_encoding.h:11:7: note: expected ‘const char *’ but argument is of type ‘const xmlChar *’
 VALUE rxml_new_cstr(const char* xstr, const char* xencoding);
       ^
ruby_xml_reader.c:744:3: warning: pointer targets in passing argument 2 of ‘rxml_new_cstr’ differ in signedness [-Wpointer-sign]
   return (result == NULL ? Qnil : rxml_new_cstr(result, xencoding));
   ^
In file included from ruby_libxml.h:43:0,
                 from ruby_xml_reader.c:4:
ruby_xml_encoding.h:11:7: note: expected ‘const char *’ but argument is of type ‘const xmlChar *’
 VALUE rxml_new_cstr(const char* xstr, const char* xencoding);
       ^
ruby_xml_reader.c: In function ‘rxml_reader_value’:
ruby_xml_reader.c:759:3: warning: pointer targets in passing argument 1 of ‘rxml_new_cstr’ differ in signedness [-Wpointer-sign]
   return (result == NULL ? Qnil : rxml_new_cstr(result, xencoding));
   ^
In file included from ruby_libxml.h:43:0,
                 from ruby_xml_reader.c:4:
ruby_xml_encoding.h:11:7: note: expected ‘const char *’ but argument is of type ‘const xmlChar *’
 VALUE rxml_new_cstr(const char* xstr, const char* xencoding);
       ^
ruby_xml_reader.c:759:3: warning: pointer targets in passing argument 2 of ‘rxml_new_cstr’ differ in signedness [-Wpointer-sign]
   return (result == NULL ? Qnil : rxml_new_cstr(result, xencoding));
   ^
In file included from ruby_libxml.h:43:0,
                 from ruby_xml_reader.c:4:
ruby_xml_encoding.h:11:7: note: expected ‘const char *’ but argument is of type ‘const xmlChar *’
 VALUE rxml_new_cstr(const char* xstr, const char* xencoding);
       ^
ruby_xml_reader.c: In function ‘rxml_reader_prefix’:
ruby_xml_reader.c:774:3: warning: pointer targets in passing argument 1 of ‘rxml_new_cstr’ differ in signedness [-Wpointer-sign]
   return (result == NULL ? Qnil : rxml_new_cstr(result, xencoding));
   ^
In file included from ruby_libxml.h:43:0,
                 from ruby_xml_reader.c:4:
ruby_xml_encoding.h:11:7: note: expected ‘const char *’ but argument is of type ‘const xmlChar *’
 VALUE rxml_new_cstr(const char* xstr, const char* xencoding);
       ^
ruby_xml_reader.c:774:3: warning: pointer targets in passing argument 2 of ‘rxml_new_cstr’ differ in signedness [-Wpointer-sign]
   return (result == NULL ? Qnil : rxml_new_cstr(result, xencoding));
   ^
In file included from ruby_libxml.h:43:0,
                 from ruby_xml_reader.c:4:
ruby_xml_encoding.h:11:7: note: expected ‘const char *’ but argument is of type ‘const xmlChar *’
 VALUE rxml_new_cstr(const char* xstr, const char* xencoding);
       ^
ruby_xml_reader.c: In function ‘rxml_reader_xml_lang’:
ruby_xml_reader.c:830:3: warning: pointer targets in passing argument 1 of ‘rxml_new_cstr’ differ in signedness [-Wpointer-sign]
   return (result == NULL ? Qnil : rxml_new_cstr(result, xencoding));
   ^
In file included from ruby_libxml.h:43:0,
                 from ruby_xml_reader.c:4:
ruby_xml_encoding.h:11:7: note: expected ‘const char *’ but argument is of type ‘const xmlChar *’
 VALUE rxml_new_cstr(const char* xstr, const char* xencoding);
       ^
ruby_xml_reader.c:830:3: warning: pointer targets in passing argument 2 of ‘rxml_new_cstr’ differ in signedness [-Wpointer-sign]
   return (result == NULL ? Qnil : rxml_new_cstr(result, xencoding));
   ^
In file included from ruby_libxml.h:43:0,
                 from ruby_xml_reader.c:4:
ruby_xml_encoding.h:11:7: note: expected ‘const char *’ but argument is of type ‘const xmlChar *’
 VALUE rxml_new_cstr(const char* xstr, const char* xencoding);
       ^
ruby_xml_reader.c: In function ‘rxml_reader_xml_version’:
ruby_xml_reader.c:845:3: warning: pointer targets in passing argument 1 of ‘rxml_new_cstr’ differ in signedness [-Wpointer-sign]
   return (result == NULL ? Qnil : rxml_new_cstr(result, xencoding));
   ^
In file included from ruby_libxml.h:43:0,
                 from ruby_xml_reader.c:4:
ruby_xml_encoding.h:11:7: note: expected ‘const char *’ but argument is of type ‘const xmlChar *’
 VALUE rxml_new_cstr(const char* xstr, const char* xencoding);
       ^
ruby_xml_reader.c:845:3: warning: pointer targets in passing argument 2 of ‘rxml_new_cstr’ differ in signedness [-Wpointer-sign]
   return (result == NULL ? Qnil : rxml_new_cstr(result, xencoding));
   ^
In file included from ruby_libxml.h:43:0,
                 from ruby_xml_reader.c:4:
ruby_xml_encoding.h:11:7: note: expected ‘const char *’ but argument is of type ‘const xmlChar *’
 VALUE rxml_new_cstr(const char* xstr, const char* xencoding);
       ^
ruby_xml_reader.c: In function ‘rxml_reader_attribute’:
ruby_xml_reader.c:898:5: warning: pointer targets in passing argument 1 of ‘rxml_new_cstr’ differ in signedness [-Wpointer-sign]
     result = rxml_new_cstr(xattr, xencoding);
     ^
In file included from ruby_libxml.h:43:0,
                 from ruby_xml_reader.c:4:
ruby_xml_encoding.h:11:7: note: expected ‘const char *’ but argument is of type ‘xmlChar *’
 VALUE rxml_new_cstr(const char* xstr, const char* xencoding);
       ^
ruby_xml_reader.c:898:5: warning: pointer targets in passing argument 2 of ‘rxml_new_cstr’ differ in signedness [-Wpointer-sign]
     result = rxml_new_cstr(xattr, xencoding);
     ^
In file included from ruby_libxml.h:43:0,
                 from ruby_xml_reader.c:4:
ruby_xml_encoding.h:11:7: note: expected ‘const char *’ but argument is of type ‘const xmlChar *’
 VALUE rxml_new_cstr(const char* xstr, const char* xencoding);
       ^
ruby_xml_reader.c: In function ‘rxml_reader_get_attribute’:
ruby_xml_reader.c:922:5: warning: pointer targets in passing argument 1 of ‘rxml_new_cstr’ differ in signedness [-Wpointer-sign]
     result = rxml_new_cstr(xattr, xencoding);
     ^
In file included from ruby_libxml.h:43:0,
                 from ruby_xml_reader.c:4:
ruby_xml_encoding.h:11:7: note: expected ‘const char *’ but argument is of type ‘xmlChar *’
 VALUE rxml_new_cstr(const char* xstr, const char* xencoding);
       ^
ruby_xml_reader.c:922:5: warning: pointer targets in passing argument 2 of ‘rxml_new_cstr’ differ in signedness [-Wpointer-sign]
     result = rxml_new_cstr(xattr, xencoding);
     ^
In file included from ruby_libxml.h:43:0,
                 from ruby_xml_reader.c:4:
ruby_xml_encoding.h:11:7: note: expected ‘const char *’ but argument is of type ‘const xmlChar *’
 VALUE rxml_new_cstr(const char* xstr, const char* xencoding);
       ^
ruby_xml_reader.c: In function ‘rxml_reader_get_attribute_no’:
ruby_xml_reader.c:945:5: warning: pointer targets in passing argument 1 of ‘rxml_new_cstr’ differ in signedness [-Wpointer-sign]
     result = rxml_new_cstr(xattr, xencoding);
     ^
In file included from ruby_libxml.h:43:0,
                 from ruby_xml_reader.c:4:
ruby_xml_encoding.h:11:7: note: expected ‘const char *’ but argument is of type ‘xmlChar *’
 VALUE rxml_new_cstr(const char* xstr, const char* xencoding);
       ^
ruby_xml_reader.c:945:5: warning: pointer targets in passing argument 2 of ‘rxml_new_cstr’ differ in signedness [-Wpointer-sign]
     result = rxml_new_cstr(xattr, xencoding);
     ^
In file included from ruby_libxml.h:43:0,
                 from ruby_xml_reader.c:4:
ruby_xml_encoding.h:11:7: note: expected ‘const char *’ but argument is of type ‘const xmlChar *’
 VALUE rxml_new_cstr(const char* xstr, const char* xencoding);
       ^
ruby_xml_reader.c: In function ‘rxml_reader_get_attribute_ns’:
ruby_xml_reader.c:963:5: warning: pointer targets in passing argument 1 of ‘rxml_new_cstr’ differ in signedness [-Wpointer-sign]
     result = rxml_new_cstr(xattr, xencoding);
     ^
In file included from ruby_libxml.h:43:0,
                 from ruby_xml_reader.c:4:
ruby_xml_encoding.h:11:7: note: expected ‘const char *’ but argument is of type ‘xmlChar *’
 VALUE rxml_new_cstr(const char* xstr, const char* xencoding);
       ^
ruby_xml_reader.c:963:5: warning: pointer targets in passing argument 2 of ‘rxml_new_cstr’ differ in signedness [-Wpointer-sign]
     result = rxml_new_cstr(xattr, xencoding);
     ^
In file included from ruby_libxml.h:43:0,
                 from ruby_xml_reader.c:4:
ruby_xml_encoding.h:11:7: note: expected ‘const char *’ but argument is of type ‘const xmlChar *’
 VALUE rxml_new_cstr(const char* xstr, const char* xencoding);
       ^
compiling ruby_xml_attr_decl.c
ruby_xml_attr_decl.c: In function ‘rxml_attr_decl_name_get’:
ruby_xml_attr_decl.c:57:5: warning: pointer targets in passing argument 2 of ‘rxml_new_cstr’ differ in signedness [-Wpointer-sign]
     return rxml_new_cstr((const char*) xattr->name, xattr->doc->encoding);
     ^
In file included from ruby_libxml.h:43:0,
                 from ruby_xml_attr_decl.c:12:
ruby_xml_encoding.h:11:7: note: expected ‘const char *’ but argument is of type ‘const xmlChar *’
 VALUE rxml_new_cstr(const char* xstr, const char* xencoding);
       ^
compiling ruby_xml_schema_facet.c
compiling ruby_xml_xpath.c
ruby_xml_xpath.c: In function ‘rxml_xpath_to_value’:
ruby_xml_xpath.c:108:7: warning: pointer targets in passing argument 2 of ‘rxml_new_cstr’ differ in signedness [-Wpointer-sign]
       result = rxml_new_cstr((const char*)xobject->stringval, xctxt->doc->encoding);
       ^
In file included from ruby_libxml.h:43:0,
                 from ruby_xml_xpath.c:78:
ruby_xml_encoding.h:11:7: note: expected ‘const char *’ but argument is of type ‘const xmlChar *’
 VALUE rxml_new_cstr(const char* xstr, const char* xencoding);
       ^
compiling ruby_xml_input_cbg.c
compiling ruby_xml_schema_attribute.c
compiling ruby_xml_xpath_object.c
ruby_xml_xpath_object.c: In function ‘rxml_xpath_object_string’:
ruby_xml_xpath_object.c:297:3: warning: pointer targets in passing argument 2 of ‘rxml_new_cstr’ differ in signedness [-Wpointer-sign]
   return rxml_new_cstr((const char*) rxpop->xpop->stringval, rxpop->xdoc->encoding);
   ^
In file included from ruby_libxml.h:43:0,
                 from ruby_xml_xpath_object.c:1:
ruby_xml_encoding.h:11:7: note: expected ‘const char *’ but argument is of type ‘const xmlChar *’
 VALUE rxml_new_cstr(const char* xstr, const char* xencoding);
       ^
compiling ruby_xml_html_parser_options.c
compiling ruby_xml_relaxng.c
compiling ruby_xml_schema.c
ruby_xml_schema.c: In function ‘storeType’:
ruby_xml_schema.c:210:3: warning: pointer targets in passing argument 1 of ‘strlen’ differ in signedness [-Wpointer-sign]
   rb_hash_aset(types, rb_str_new2(name), rtype);
   ^
In file included from /usr/local/opt/rbenv/versions/2.1.5/include/ruby-2.1.0/ruby/defines.h:45:0,
                 from /usr/local/opt/rbenv/versions/2.1.5/include/ruby-2.1.0/ruby/ruby.h:29,
                 from /usr/local/opt/rbenv/versions/2.1.5/include/ruby-2.1.0/ruby.h:33,
                 from ruby_libxml.h:6,
                 from ruby_xml_schema.c:1:
/usr/include/string.h:399:15: note: expected ‘const char *’ but argument is of type ‘xmlChar *’
 extern size_t strlen (const char *__s)
               ^
ruby_xml_schema.c:210:3: warning: pointer targets in passing argument 1 of ‘rb_str_new’ differ in signedness [-Wpointer-sign]
   rb_hash_aset(types, rb_str_new2(name), rtype);
   ^
In file included from /usr/local/opt/rbenv/versions/2.1.5/include/ruby-2.1.0/ruby/ruby.h:1694:0,
                 from /usr/local/opt/rbenv/versions/2.1.5/include/ruby-2.1.0/ruby.h:33,
                 from ruby_libxml.h:6,
                 from ruby_xml_schema.c:1:
/usr/local/opt/rbenv/versions/2.1.5/include/ruby-2.1.0/ruby/intern.h:704:7: note: expected ‘const char *’ but argument is of type ‘xmlChar *’
 VALUE rb_str_new(const char*, long);
       ^
ruby_xml_schema.c:210:3: warning: pointer targets in passing argument 1 of ‘rb_str_new_cstr’ differ in signedness [-Wpointer-sign]
   rb_hash_aset(types, rb_str_new2(name), rtype);
   ^
In file included from /usr/local/opt/rbenv/versions/2.1.5/include/ruby-2.1.0/ruby/ruby.h:1694:0,
                 from /usr/local/opt/rbenv/versions/2.1.5/include/ruby-2.1.0/ruby.h:33,
                 from ruby_libxml.h:6,
                 from ruby_xml_schema.c:1:
/usr/local/opt/rbenv/versions/2.1.5/include/ruby-2.1.0/ruby/intern.h:705:7: note: expected ‘const char *’ but argument is of type ‘xmlChar *’
 VALUE rb_str_new_cstr(const char*);
       ^
ruby_xml_schema.c: In function ‘storeElement’:
ruby_xml_schema.c:240:3: warning: pointer targets in passing argument 1 of ‘strlen’ differ in signedness [-Wpointer-sign]
   rb_hash_aset(elements, rb_str_new2(name), relement);
   ^
In file included from /usr/local/opt/rbenv/versions/2.1.5/include/ruby-2.1.0/ruby/defines.h:45:0,
                 from /usr/local/opt/rbenv/versions/2.1.5/include/ruby-2.1.0/ruby/ruby.h:29,
                 from /usr/local/opt/rbenv/versions/2.1.5/include/ruby-2.1.0/ruby.h:33,
                 from ruby_libxml.h:6,
                 from ruby_xml_schema.c:1:
/usr/include/string.h:399:15: note: expected ‘const char *’ but argument is of type ‘xmlChar *’
 extern size_t strlen (const char *__s)
               ^
ruby_xml_schema.c:240:3: warning: pointer targets in passing argument 1 of ‘rb_str_new’ differ in signedness [-Wpointer-sign]
   rb_hash_aset(elements, rb_str_new2(name), relement);
   ^
In file included from /usr/local/opt/rbenv/versions/2.1.5/include/ruby-2.1.0/ruby/ruby.h:1694:0,
                 from /usr/local/opt/rbenv/versions/2.1.5/include/ruby-2.1.0/ruby.h:33,
                 from ruby_libxml.h:6,
                 from ruby_xml_schema.c:1:
/usr/local/opt/rbenv/versions/2.1.5/include/ruby-2.1.0/ruby/intern.h:704:7: note: expected ‘const char *’ but argument is of type ‘xmlChar *’
 VALUE rb_str_new(const char*, long);
       ^
ruby_xml_schema.c:240:3: warning: pointer targets in passing argument 1 of ‘rb_str_new_cstr’ differ in signedness [-Wpointer-sign]
   rb_hash_aset(elements, rb_str_new2(name), relement);
   ^
In file included from /usr/local/opt/rbenv/versions/2.1.5/include/ruby-2.1.0/ruby/ruby.h:1694:0,
                 from /usr/local/opt/rbenv/versions/2.1.5/include/ruby-2.1.0/ruby.h:33,
                 from ruby_libxml.h:6,
                 from ruby_xml_schema.c:1:
/usr/local/opt/rbenv/versions/2.1.5/include/ruby-2.1.0/ruby/intern.h:705:7: note: expected ‘const char *’ but argument is of type ‘xmlChar *’
 VALUE rb_str_new_cstr(const char*);
       ^
compiling ruby_xml_attr.c
compiling ruby_xml_writer.c
ruby_xml_writer.c: In function ‘rxml_writer_flush’:
ruby_xml_writer.c:260:9: warning: pointer targets in passing argument 1 of ‘rb_external_str_new_with_enc’ differ in signedness [-Wpointer-sign]
         content = rb_external_str_new_with_enc(rwo->buffer->content, rwo->buffer->use, rwo->encoding);
         ^
In file included from ruby_libxml.h:26:0,
                 from ruby_xml_writer.c:1:
/usr/local/opt/rbenv/versions/2.1.5/include/ruby-2.1.0/ruby/encoding.h:102:7: note: expected ‘const char *’ but argument is of type ‘xmlChar *’
 VALUE rb_external_str_new_with_enc(const char *ptr, long len, rb_encoding *);
       ^
ruby_xml_writer.c: In function ‘rxml_writer_result’:
ruby_xml_writer.c:288:12: warning: comparison between signed and unsigned integer expressions [-Wsign-compare]
     if (-1 == (ret = xmlTextWriterFlush(rwo->writer))) {
            ^
ruby_xml_writer.c:296:13: warning: pointer targets in passing argument 1 of ‘rb_external_str_new_with_enc’ differ in signedness [-Wpointer-sign]
             ret = rxml_writer_c_to_ruby_string(rwo->buffer->content, rwo->buffer->use);
             ^
In file included from ruby_libxml.h:26:0,
                 from ruby_xml_writer.c:1:
/usr/local/opt/rbenv/versions/2.1.5/include/ruby-2.1.0/ruby/encoding.h:102:7: note: expected ‘const char *’ but argument is of type ‘xmlChar *’
 VALUE rb_external_str_new_with_enc(const char *ptr, long len, rb_encoding *);
       ^
ruby_xml_writer.c: In function ‘numeric_rxml_writer_va_strings’:
ruby_xml_writer.c:348:25: warning: comparison between signed and unsigned integer expressions [-Wsign-compare]
     for (argc = 0; argc < strings_count; argc++) {
                         ^
compiling ruby_xml_namespace.c
compiling ruby_xml_error.c
compiling ruby_xml_io.c
ruby_xml_io.c: In function ‘rxml_write_callback’:
ruby_xml_io.c:40:3: warning: implicit declaration of function ‘rb_io_bufwrite’ [-Wimplicit-function-declaration]
   return rb_io_bufwrite((VALUE) context, buffer, (size_t) len);
   ^
compiling ruby_xml_xpointer.c
compiling ruby_xml_parser_context.c
ruby_xml_parser_context.c: In function ‘rxml_parser_context_document’:
ruby_xml_parser_context.c:53:3: warning: pointer targets in passing argument 4 of ‘xmlDocDumpFormatMemoryEnc’ differ in signedness [-Wpointer-sign]
   xmlDocDumpFormatMemoryEnc(xdoc, &buffer, &length, xdoc->encoding, 0);
   ^
In file included from /usr/include/libxml2/libxml/parser.h:16:0,
                 from ruby_libxml.h:7,
                 from ruby_xml_parser_context.c:3:
/usr/include/libxml2/libxml/tree.h:1161:3: note: expected ‘const char *’ but argument is of type ‘const xmlChar *’
   xmlDocDumpFormatMemoryEnc(xmlDocPtr out_doc,
   ^
ruby_xml_parser_context.c: In function ‘rxml_parser_context_base_uri_get’:
ruby_xml_parser_context.c:191:5: warning: pointer targets in passing argument 2 of ‘rxml_new_cstr’ differ in signedness [-Wpointer-sign]
     return rxml_new_cstr(ctxt->input->filename, ctxt->encoding);
     ^
In file included from ruby_libxml.h:43:0,
                 from ruby_xml_parser_context.c:3:
ruby_xml_encoding.h:11:7: note: expected ‘const char *’ but argument is of type ‘const xmlChar *’
 VALUE rxml_new_cstr(const char* xstr, const char* xencoding);
       ^
In file included from /usr/local/opt/rbenv/versions/2.1.5/include/ruby-2.1.0/ruby.h:33:0,
                 from ruby_libxml.h:6,
                 from ruby_xml_parser_context.c:3:
ruby_xml_parser_context.c: In function ‘rxml_parser_context_base_uri_set’:
/usr/local/opt/rbenv/versions/2.1.5/include/ruby-2.1.0/ruby/ruby.h:540:27: warning: pointer targets in initialization differ in signedness [-Wpointer-sign]
 #define StringValuePtr(v) rb_string_value_ptr(&(v))
                           ^
ruby_xml_parser_context.c:211:28: note: in expansion of macro ‘StringValuePtr’
     const xmlChar * xurl = StringValuePtr(url);
                            ^
ruby_xml_parser_context.c: In function ‘rxml_parser_context_data_directory_get’:
ruby_xml_parser_context.c:252:5: warning: pointer targets in passing argument 2 of ‘rxml_new_cstr’ differ in signedness [-Wpointer-sign]
     return (rxml_new_cstr(ctxt->directory, ctxt->encoding));
     ^
In file included from ruby_libxml.h:43:0,
                 from ruby_xml_parser_context.c:3:
ruby_xml_encoding.h:11:7: note: expected ‘const char *’ but argument is of type ‘const xmlChar *’
 VALUE rxml_new_cstr(const char* xstr, const char* xencoding);
       ^
ruby_xml_parser_context.c: In function ‘rxml_parser_context_encoding_get’:
ruby_xml_parser_context.c:356:3: warning: pointer targets in passing argument 1 of ‘xmlParseCharEncoding’ differ in signedness [-Wpointer-sign]
   return INT2NUM(xmlParseCharEncoding(ctxt->encoding));
   ^
In file included from /usr/include/libxml2/libxml/parser.h:810:0,
                 from ruby_libxml.h:7,
                 from ruby_xml_parser_context.c:3:
/usr/include/libxml2/libxml/encoding.h:194:2: note: expected ‘const char *’ but argument is of type ‘const xmlChar *’
  xmlParseCharEncoding  (const char *name);
  ^
ruby_xml_parser_context.c: In function ‘rxml_parser_context_name_node_get’:
ruby_xml_parser_context.c:510:5: warning: pointer targets in passing argument 2 of ‘rxml_new_cstr’ differ in signedness [-Wpointer-sign]
     return (rxml_new_cstr((const char*) ctxt->name, ctxt->encoding));
     ^
In file included from ruby_libxml.h:43:0,
                 from ruby_xml_parser_context.c:3:
ruby_xml_encoding.h:11:7: note: expected ‘const char *’ but argument is of type ‘const xmlChar *’
 VALUE rxml_new_cstr(const char* xstr, const char* xencoding);
       ^
ruby_xml_parser_context.c: In function ‘rxml_parser_context_name_tab_get’:
ruby_xml_parser_context.c:537:7: warning: pointer targets in passing argument 2 of ‘rxml_new_cstr’ differ in signedness [-Wpointer-sign]
       rb_ary_push(tab_ary, rxml_new_cstr((const char*) ctxt->nameTab[i], ctxt->encoding));
       ^
In file included from ruby_libxml.h:43:0,
                 from ruby_xml_parser_context.c:3:
ruby_xml_encoding.h:11:7: note: expected ‘const char *’ but argument is of type ‘const xmlChar *’
 VALUE rxml_new_cstr(const char* xstr, const char* xencoding);
       ^
ruby_xml_parser_context.c: In function ‘rxml_parser_context_options_set’:
ruby_xml_parser_context.c:629:7: warning: variable ‘result’ set but not used [-Wunused-but-set-variable]
   int result;
       ^
ruby_xml_parser_context.c: In function ‘rxml_parser_context_subset_name_get’:
ruby_xml_parser_context.c:803:5: warning: pointer targets in passing argument 2 of ‘rxml_new_cstr’ differ in signedness [-Wpointer-sign]
     return (rxml_new_cstr((const char*) ctxt->intSubName, ctxt->encoding));
     ^
In file included from ruby_libxml.h:43:0,
                 from ruby_xml_parser_context.c:3:
ruby_xml_encoding.h:11:7: note: expected ‘const char *’ but argument is of type ‘const xmlChar *’
 VALUE rxml_new_cstr(const char* xstr, const char* xencoding);
       ^
ruby_xml_parser_context.c: In function ‘rxml_parser_context_subset_external_uri_get’:
ruby_xml_parser_context.c:822:5: warning: pointer targets in passing argument 2 of ‘rxml_new_cstr’ differ in signedness [-Wpointer-sign]
     return (rxml_new_cstr((const char*) ctxt->extSubURI, ctxt->encoding));
     ^
In file included from ruby_libxml.h:43:0,
                 from ruby_xml_parser_context.c:3:
ruby_xml_encoding.h:11:7: note: expected ‘const char *’ but argument is of type ‘const xmlChar *’
 VALUE rxml_new_cstr(const char* xstr, const char* xencoding);
       ^
ruby_xml_parser_context.c: In function ‘rxml_parser_context_subset_external_system_id_get’:
ruby_xml_parser_context.c:841:5: warning: pointer targets in passing argument 2 of ‘rxml_new_cstr’ differ in signedness [-Wpointer-sign]
     return (rxml_new_cstr((const char*) ctxt->extSubSystem, ctxt->encoding));
     ^
In file included from ruby_libxml.h:43:0,
                 from ruby_xml_parser_context.c:3:
ruby_xml_encoding.h:11:7: note: expected ‘const char *’ but argument is of type ‘const xmlChar *’
 VALUE rxml_new_cstr(const char* xstr, const char* xencoding);
       ^
ruby_xml_parser_context.c: In function ‘rxml_parser_context_version_get’:
ruby_xml_parser_context.c:926:5: warning: pointer targets in passing argument 2 of ‘rxml_new_cstr’ differ in signedness [-Wpointer-sign]
     return (rxml_new_cstr((const char*) ctxt->version, ctxt->encoding));
     ^
In file included from ruby_libxml.h:43:0,
                 from ruby_xml_parser_context.c:3:
ruby_xml_encoding.h:11:7: note: expected ‘const char *’ but argument is of type ‘const xmlChar *’
 VALUE rxml_new_cstr(const char* xstr, const char* xencoding);
       ^
compiling ruby_xml_schema_type.c
compiling ruby_xml_cbg.c
compiling ruby_xml_html_parser.c
compiling libxml.c
compiling ruby_xml_xpath_context.c
ruby_xml_xpath_context.c: In function ‘rxml_xpath_context_register_namespaces_from_node’:
ruby_xml_xpath_context.c:162:9: warning: pointer targets in passing argument 2 of ‘rxml_new_cstr’ differ in signedness [-Wpointer-sign]
         VALUE prefix = rxml_new_cstr((const char*)xns->prefix, xctxt->doc->encoding);
         ^
In file included from ruby_libxml.h:43:0,
                 from ruby_xml_xpath_context.c:3:
ruby_xml_encoding.h:11:7: note: expected ‘const char *’ but argument is of type ‘const xmlChar *’
 VALUE rxml_new_cstr(const char* xstr, const char* xencoding);
       ^
ruby_xml_xpath_context.c:163:9: warning: pointer targets in passing argument 2 of ‘rxml_new_cstr’ differ in signedness [-Wpointer-sign]
         VALUE uri = rxml_new_cstr((const char*)xns->href, xctxt->doc->encoding);
         ^
In file included from ruby_libxml.h:43:0,
                 from ruby_xml_xpath_context.c:3:
ruby_xml_encoding.h:11:7: note: expected ‘const char *’ but argument is of type ‘const xmlChar *’
 VALUE rxml_new_cstr(const char* xstr, const char* xencoding);
       ^
ruby_xml_xpath_context.c: In function ‘rxml_xpath_context_register_namespaces’:
ruby_xml_xpath_context.c:218:7: warning: pointer targets in passing argument 2 of ‘rxml_new_cstr’ differ in signedness [-Wpointer-sign]
       ruri = rxml_new_cstr(&cp[1], xctxt->doc->encoding);
       ^
In file included from ruby_libxml.h:43:0,
                 from ruby_xml_xpath_context.c:3:
ruby_xml_encoding.h:11:7: note: expected ‘const char *’ but argument is of type ‘const xmlChar *’
 VALUE rxml_new_cstr(const char* xstr, const char* xencoding);
       ^
compiling ruby_xml_attributes.c
compiling ruby_xml_xinclude.c
compiling ruby_xml_xpath_expression.c
compiling ruby_xml_namespaces.c
compiling ruby_xml_sax2_handler.c
ruby_xml_sax2_handler.c: In function ‘end_element_ns_callback’:
ruby_xml_sax2_handler.c:82:7: warning: pointer targets in passing argument 1 of ‘rxml_new_cstr’ differ in signedness [-Wpointer-sign]
       name = rxml_new_cstr(xprefix, NULL);
       ^
In file included from ruby_libxml.h:43:0,
                 from ruby_xml_sax2_handler.c:3:
ruby_xml_encoding.h:11:7: note: expected ‘const char *’ but argument is of type ‘const xmlChar *’
 VALUE rxml_new_cstr(const char* xstr, const char* xencoding);
       ^
ruby_xml_sax2_handler.c:84:7: warning: pointer targets in passing argument 1 of ‘strlen’ differ in signedness [-Wpointer-sign]
       rb_str_cat2(name, xlocalname); 
       ^
In file included from /usr/local/opt/rbenv/versions/2.1.5/include/ruby-2.1.0/ruby/defines.h:45:0,
                 from /usr/local/opt/rbenv/versions/2.1.5/include/ruby-2.1.0/ruby/ruby.h:29,
                 from /usr/local/opt/rbenv/versions/2.1.5/include/ruby-2.1.0/ruby.h:33,
                 from ruby_libxml.h:6,
                 from ruby_xml_sax2_handler.c:3:
/usr/include/string.h:399:15: note: expected ‘const char *’ but argument is of type ‘const xmlChar *’
 extern size_t strlen (const char *__s)
               ^
ruby_xml_sax2_handler.c:84:7: warning: pointer targets in passing argument 2 of ‘rb_str_cat’ differ in signedness [-Wpointer-sign]
       rb_str_cat2(name, xlocalname); 
       ^
In file included from /usr/local/opt/rbenv/versions/2.1.5/include/ruby-2.1.0/ruby/ruby.h:1694:0,
                 from /usr/local/opt/rbenv/versions/2.1.5/include/ruby-2.1.0/ruby.h:33,
                 from ruby_libxml.h:6,
                 from ruby_xml_sax2_handler.c:3:
/usr/local/opt/rbenv/versions/2.1.5/include/ruby-2.1.0/ruby/intern.h:749:7: note: expected ‘const char *’ but argument is of type ‘const xmlChar *’
 VALUE rb_str_cat(VALUE, const char*, long);
       ^
ruby_xml_sax2_handler.c:84:7: warning: pointer targets in passing argument 2 of ‘rb_str_cat2’ differ in signedness [-Wpointer-sign]
       rb_str_cat2(name, xlocalname); 
       ^
In file included from /usr/local/opt/rbenv/versions/2.1.5/include/ruby-2.1.0/ruby/ruby.h:1694:0,
                 from /usr/local/opt/rbenv/versions/2.1.5/include/ruby-2.1.0/ruby.h:33,
                 from ruby_libxml.h:6,
                 from ruby_xml_sax2_handler.c:3:
/usr/local/opt/rbenv/versions/2.1.5/include/ruby-2.1.0/ruby/intern.h:750:7: note: expected ‘const char *’ but argument is of type ‘const xmlChar *’
 VALUE rb_str_cat2(VALUE, const char*);
       ^
ruby_xml_sax2_handler.c:88:7: warning: pointer targets in passing argument 1 of ‘rxml_new_cstr’ differ in signedness [-Wpointer-sign]
       name = rxml_new_cstr(xlocalname, NULL);
       ^
In file included from ruby_libxml.h:43:0,
                 from ruby_xml_sax2_handler.c:3:
ruby_xml_encoding.h:11:7: note: expected ‘const char *’ but argument is of type ‘const xmlChar *’
 VALUE rxml_new_cstr(const char* xstr, const char* xencoding);
       ^
ruby_xml_sax2_handler.c:94:14: warning: pointer targets in passing argument 1 of ‘rxml_new_cstr’ differ in signedness [-Wpointer-sign]
              rxml_new_cstr(xlocalname, NULL),
              ^
In file included from ruby_libxml.h:43:0,
                 from ruby_xml_sax2_handler.c:3:
ruby_xml_encoding.h:11:7: note: expected ‘const char *’ but argument is of type ‘const xmlChar *’
 VALUE rxml_new_cstr(const char* xstr, const char* xencoding);
       ^
ruby_xml_sax2_handler.c:95:14: warning: pointer targets in passing argument 1 of ‘rxml_new_cstr’ differ in signedness [-Wpointer-sign]
              xprefix ? rxml_new_cstr(xprefix, NULL) : Qnil,
              ^
In file included from ruby_libxml.h:43:0,
                 from ruby_xml_sax2_handler.c:3:
ruby_xml_encoding.h:11:7: note: expected ‘const char *’ but argument is of type ‘const xmlChar *’
 VALUE rxml_new_cstr(const char* xstr, const char* xencoding);
       ^
ruby_xml_sax2_handler.c:96:14: warning: pointer targets in passing argument 1 of ‘rxml_new_cstr’ differ in signedness [-Wpointer-sign]
              xURI ? rxml_new_cstr(xURI, NULL) : Qnil);
              ^
In file included from ruby_libxml.h:43:0,
                 from ruby_xml_sax2_handler.c:3:
ruby_xml_encoding.h:11:7: note: expected ‘const char *’ but argument is of type ‘const xmlChar *’
 VALUE rxml_new_cstr(const char* xstr, const char* xencoding);
       ^
ruby_xml_sax2_handler.c: In function ‘start_element_ns_callback’:
ruby_xml_sax2_handler.c:205:7: warning: pointer targets in passing argument 1 of ‘rxml_new_cstr’ differ in signedness [-Wpointer-sign]
       VALUE attrName = rxml_new_cstr(xattributes[i+0], NULL);
       ^
In file included from ruby_libxml.h:43:0,
                 from ruby_xml_sax2_handler.c:3:
ruby_xml_encoding.h:11:7: note: expected ‘const char *’ but argument is of type ‘const xmlChar *’
 VALUE rxml_new_cstr(const char* xstr, const char* xencoding);
       ^
ruby_xml_sax2_handler.c:206:7: warning: pointer targets in passing argument 1 of ‘rxml_new_cstr_len’ differ in signedness [-Wpointer-sign]
       VALUE attrValue = rxml_new_cstr_len(xattributes[i+3], xattributes[i+4] - xattributes[i+3], NULL);
       ^
In file included from ruby_libxml.h:43:0,
                 from ruby_xml_sax2_handler.c:3:
ruby_xml_encoding.h:12:7: note: expected ‘const char *’ but argument is of type ‘const xmlChar *’
 VALUE rxml_new_cstr_len(const char* xstr, const int length, const char* xencoding);
       ^
ruby_xml_sax2_handler.c:217:7: warning: pointer targets in passing argument 1 of ‘rxml_new_cstr’ differ in signedness [-Wpointer-sign]
       VALUE nsPrefix = xnamespaces[i+0] ? rxml_new_cstr(xnamespaces[i+0], NULL) : Qnil;
       ^
In file included from ruby_libxml.h:43:0,
                 from ruby_xml_sax2_handler.c:3:
ruby_xml_encoding.h:11:7: note: expected ‘const char *’ but argument is of type ‘const xmlChar *’
 VALUE rxml_new_cstr(const char* xstr, const char* xencoding);
       ^
ruby_xml_sax2_handler.c:218:7: warning: pointer targets in passing argument 1 of ‘rxml_new_cstr’ differ in signedness [-Wpointer-sign]
       VALUE nsURI = xnamespaces[i+1] ? rxml_new_cstr(xnamespaces[i+1], NULL) : Qnil;
       ^
In file included from ruby_libxml.h:43:0,
                 from ruby_xml_sax2_handler.c:3:
ruby_xml_encoding.h:11:7: note: expected ‘const char *’ but argument is of type ‘const xmlChar *’
 VALUE rxml_new_cstr(const char* xstr, const char* xencoding);
       ^
ruby_xml_sax2_handler.c:229:7: warning: pointer targets in passing argument 1 of ‘rxml_new_cstr’ differ in signedness [-Wpointer-sign]
       name = rxml_new_cstr(xprefix, NULL);
       ^
In file included from ruby_libxml.h:43:0,
                 from ruby_xml_sax2_handler.c:3:
ruby_xml_encoding.h:11:7: note: expected ‘const char *’ but argument is of type ‘const xmlChar *’
 VALUE rxml_new_cstr(const char* xstr, const char* xencoding);
       ^
ruby_xml_sax2_handler.c:231:7: warning: pointer targets in passing argument 1 of ‘strlen’ differ in signedness [-Wpointer-sign]
       rb_str_cat2(name, xlocalname); 
       ^
In file included from /usr/local/opt/rbenv/versions/2.1.5/include/ruby-2.1.0/ruby/defines.h:45:0,
                 from /usr/local/opt/rbenv/versions/2.1.5/include/ruby-2.1.0/ruby/ruby.h:29,
                 from /usr/local/opt/rbenv/versions/2.1.5/include/ruby-2.1.0/ruby.h:33,
                 from ruby_libxml.h:6,
                 from ruby_xml_sax2_handler.c:3:
/usr/include/string.h:399:15: note: expected ‘const char *’ but argument is of type ‘const xmlChar *’
 extern size_t strlen (const char *__s)
               ^
ruby_xml_sax2_handler.c:231:7: warning: pointer targets in passing argument 2 of ‘rb_str_cat’ differ in signedness [-Wpointer-sign]
       rb_str_cat2(name, xlocalname); 
       ^
In file included from /usr/local/opt/rbenv/versions/2.1.5/include/ruby-2.1.0/ruby/ruby.h:1694:0,
                 from /usr/local/opt/rbenv/versions/2.1.5/include/ruby-2.1.0/ruby.h:33,
                 from ruby_libxml.h:6,
                 from ruby_xml_sax2_handler.c:3:
/usr/local/opt/rbenv/versions/2.1.5/include/ruby-2.1.0/ruby/intern.h:749:7: note: expected ‘const char *’ but argument is of type ‘const xmlChar *’
 VALUE rb_str_cat(VALUE, const char*, long);
       ^
ruby_xml_sax2_handler.c:231:7: warning: pointer targets in passing argument 2 of ‘rb_str_cat2’ differ in signedness [-Wpointer-sign]
       rb_str_cat2(name, xlocalname); 
       ^
In file included from /usr/local/opt/rbenv/versions/2.1.5/include/ruby-2.1.0/ruby/ruby.h:1694:0,
                 from /usr/local/opt/rbenv/versions/2.1.5/include/ruby-2.1.0/ruby.h:33,
                 from ruby_libxml.h:6,
                 from ruby_xml_sax2_handler.c:3:
/usr/local/opt/rbenv/versions/2.1.5/include/ruby-2.1.0/ruby/intern.h:750:7: note: expected ‘const char *’ but argument is of type ‘const xmlChar *’
 VALUE rb_str_cat2(VALUE, const char*);
       ^
ruby_xml_sax2_handler.c:235:7: warning: pointer targets in passing argument 1 of ‘rxml_new_cstr’ differ in signedness [-Wpointer-sign]
       name = rxml_new_cstr(xlocalname, NULL);
       ^
In file included from ruby_libxml.h:43:0,
                 from ruby_xml_sax2_handler.c:3:
ruby_xml_encoding.h:11:7: note: expected ‘const char *’ but argument is of type ‘const xmlChar *’
 VALUE rxml_new_cstr(const char* xstr, const char* xencoding);
       ^
ruby_xml_sax2_handler.c:241:14: warning: pointer targets in passing argument 1 of ‘rxml_new_cstr’ differ in signedness [-Wpointer-sign]
              rxml_new_cstr(xlocalname, NULL),
              ^
In file included from ruby_libxml.h:43:0,
                 from ruby_xml_sax2_handler.c:3:
ruby_xml_encoding.h:11:7: note: expected ‘const char *’ but argument is of type ‘const xmlChar *’
 VALUE rxml_new_cstr(const char* xstr, const char* xencoding);
       ^
ruby_xml_sax2_handler.c:243:14: warning: pointer targets in passing argument 1 of ‘rxml_new_cstr’ differ in signedness [-Wpointer-sign]
              xprefix ? rxml_new_cstr(xprefix, NULL) : Qnil,
              ^
In file included from ruby_libxml.h:43:0,
                 from ruby_xml_sax2_handler.c:3:
ruby_xml_encoding.h:11:7: note: expected ‘const char *’ but argument is of type ‘const xmlChar *’
 VALUE rxml_new_cstr(const char* xstr, const char* xencoding);
       ^
ruby_xml_sax2_handler.c:244:14: warning: pointer targets in passing argument 1 of ‘rxml_new_cstr’ differ in signedness [-Wpointer-sign]
              xURI ? rxml_new_cstr(xURI, NULL) : Qnil,
              ^
In file included from ruby_libxml.h:43:0,
                 from ruby_xml_sax2_handler.c:3:
ruby_xml_encoding.h:11:7: note: expected ‘const char *’ but argument is of type ‘const xmlChar *’
 VALUE rxml_new_cstr(const char* xstr, const char* xencoding);
       ^
compiling ruby_xml_parser_options.c
compiling ruby_xml_schema_element.c
compiling ruby_xml_node.c
linking shared-object libxml_ruby.so

make "DESTDIR=" install
/usr/bin/install -c -m 0755 libxml_ruby.so ./.gem.20150625-18345-1osub6z
installing default libxml_ruby libraries
